<?xml version="1.0" encoding="UTF-8"?>
<testsuite xmlns:xsi="http://www.w3.org/2001/XMLSchema-instance" xsi:noNamespaceSchemaLocation="https://maven.apache.org/surefire/maven-surefire-plugin/xsd/surefire-test-report-3.0.xsd" version="3.0" name="TriviaAPITest" time="14.135" tests="2" errors="0" skipped="0" failures="0">
  <properties>
    <property name="java.specification.version" value="23"/>
    <property name="sun.cpu.isalist" value="amd64"/>
    <property name="sun.jnu.encoding" value="Cp1252"/>
    <property name="java.class.path" value="C:\Users\spivi\eclipse-workspace_meta\TriviaAPI\target\test-classes;C:\Users\spivi\eclipse-workspace_meta\TriviaAPI\target\classes;C:\Users\spivi\.m2\repository\com\fasterxml\jackson\core\jackson-databind\2.12.1\jackson-databind-2.12.1.jar;C:\Users\spivi\.m2\repository\com\fasterxml\jackson\core\jackson-annotations\2.12.1\jackson-annotations-2.12.1.jar;C:\Users\spivi\.m2\repository\com\fasterxml\jackson\core\jackson-core\2.12.1\jackson-core-2.12.1.jar;C:\Users\spivi\.m2\repository\org\apache\httpcomponents\httpclient\4.5.13\httpclient-4.5.13.jar;C:\Users\spivi\.m2\repository\org\apache\httpcomponents\httpcore\4.4.13\httpcore-4.4.13.jar;C:\Users\spivi\.m2\repository\commons-logging\commons-logging\1.2\commons-logging-1.2.jar;C:\Users\spivi\.m2\repository\commons-codec\commons-codec\1.11\commons-codec-1.11.jar;C:\Users\spivi\.m2\repository\junit\junit\4.13.2\junit-4.13.2.jar;C:\Users\spivi\.m2\repository\org\hamcrest\hamcrest-core\1.3\hamcrest-core-1.3.jar;"/>
    <property name="java.vm.vendor" value="Eclipse Adoptium"/>
    <property name="sun.arch.data.model" value="64"/>
    <property name="user.variant" value=""/>
    <property name="java.vendor.url" value="https://adoptium.net/"/>
    <property name="user.timezone" value="Europe/Athens"/>
    <property name="user.country.format" value="150"/>
    <property name="os.name" value="Windows 10"/>
    <property name="java.vm.specification.version" value="23"/>
    <property name="sun.java.launcher" value="SUN_STANDARD"/>
    <property name="user.country" value="US"/>
    <property name="sun.boot.library.path" value="C:\Users\spivi\.p2\pool\plugins\org.eclipse.justj.openjdk.hotspot.jre.full.win32.x86_64_23.0.0.v20240919-1706\jre\bin"/>
    <property name="sun.java.command" value="C:\Users\spivi\AppData\Local\Temp\surefire15256371681410108271\surefirebooter-20250131181810382_3.jar C:\Users\spivi\AppData\Local\Temp\surefire15256371681410108271 2025-01-31T18-18-09_751-jvmRun1 surefire-20250131181810382_1tmp surefire_0-20250131181810382_2tmp"/>
    <property name="jdk.debug" value="release"/>
    <property name="surefire.test.class.path" value="C:\Users\spivi\eclipse-workspace_meta\TriviaAPI\target\test-classes;C:\Users\spivi\eclipse-workspace_meta\TriviaAPI\target\classes;C:\Users\spivi\.m2\repository\com\fasterxml\jackson\core\jackson-databind\2.12.1\jackson-databind-2.12.1.jar;C:\Users\spivi\.m2\repository\com\fasterxml\jackson\core\jackson-annotations\2.12.1\jackson-annotations-2.12.1.jar;C:\Users\spivi\.m2\repository\com\fasterxml\jackson\core\jackson-core\2.12.1\jackson-core-2.12.1.jar;C:\Users\spivi\.m2\repository\org\apache\httpcomponents\httpclient\4.5.13\httpclient-4.5.13.jar;C:\Users\spivi\.m2\repository\org\apache\httpcomponents\httpcore\4.4.13\httpcore-4.4.13.jar;C:\Users\spivi\.m2\repository\commons-logging\commons-logging\1.2\commons-logging-1.2.jar;C:\Users\spivi\.m2\repository\commons-codec\commons-codec\1.11\commons-codec-1.11.jar;C:\Users\spivi\.m2\repository\junit\junit\4.13.2\junit-4.13.2.jar;C:\Users\spivi\.m2\repository\org\hamcrest\hamcrest-core\1.3\hamcrest-core-1.3.jar;"/>
    <property name="sun.cpu.endian" value="little"/>
    <property name="user.home" value="C:\Users\spivi"/>
    <property name="user.language" value="en"/>
    <property name="java.specification.vendor" value="Oracle Corporation"/>
    <property name="java.version.date" value="2024-09-17"/>
    <property name="java.home" value="C:\Users\spivi\.p2\pool\plugins\org.eclipse.justj.openjdk.hotspot.jre.full.win32.x86_64_23.0.0.v20240919-1706\jre"/>
    <property name="file.separator" value="\"/>
    <property name="basedir" value="C:\Users\spivi\eclipse-workspace_meta\TriviaAPI"/>
    <property name="style.color" value="always"/>
    <property name="java.vm.compressedOopsMode" value="32-bit"/>
    <property name="line.separator" value="&#10;"/>
    <property name="java.vm.specification.vendor" value="Oracle Corporation"/>
    <property name="java.specification.name" value="Java Platform API Specification"/>
    <property name="surefire.real.class.path" value="C:\Users\spivi\AppData\Local\Temp\surefire15256371681410108271\surefirebooter-20250131181810382_3.jar"/>
    <property name="user.script" value=""/>
    <property name="sun.management.compiler" value="HotSpot 64-Bit Tiered Compilers"/>
    <property name="java.runtime.version" value="23+37"/>
    <property name="user.name" value="spivi"/>
    <property name="stdout.encoding" value="Cp1252"/>
    <property name="path.separator" value=";"/>
    <property name="os.version" value="10.0"/>
    <property name="java.runtime.name" value="OpenJDK Runtime Environment"/>
    <property name="file.encoding" value="UTF-8"/>
    <property name="java.vm.name" value="OpenJDK 64-Bit Server VM"/>
    <property name="java.vendor.version" value="Temurin-23+37"/>
    <property name="localRepository" value="C:\Users\spivi\.m2\repository"/>
    <property name="java.vendor.url.bug" value="https://github.com/adoptium/adoptium-support/issues"/>
    <property name="java.io.tmpdir" value="C:\Users\spivi\AppData\Local\Temp\"/>
    <property name="java.version" value="23"/>
    <property name="user.dir" value="C:\Users\spivi\eclipse-workspace_meta\TriviaAPI"/>
    <property name="os.arch" value="amd64"/>
    <property name="java.vm.specification.name" value="Java Virtual Machine Specification"/>
    <property name="sun.os.patch.level" value=""/>
    <property name="native.encoding" value="Cp1252"/>
    <property name="java.library.path" value="C:\Users\spivi\.p2\pool\plugins\org.eclipse.justj.openjdk.hotspot.jre.full.win32.x86_64_23.0.0.v20240919-1706\jre\bin;C:\WINDOWS\Sun\Java\bin;C:\WINDOWS\system32;C:\WINDOWS;C:/Users/spivi/.p2/pool/plugins/org.eclipse.justj.openjdk.hotspot.jre.full.win32.x86_64_23.0.0.v20240919-1706/jre/bin/server;C:/Users/spivi/.p2/pool/plugins/org.eclipse.justj.openjdk.hotspot.jre.full.win32.x86_64_23.0.0.v20240919-1706/jre/bin;C:\Program Files\Eclipse Adoptium\jdk-17.0.12.7-hotspot\bin;C:\WINDOWS\system32;C:\WINDOWS;C:\WINDOWS\System32\Wbem;C:\WINDOWS\System32\WindowsPowerShell\v1.0\;C:\WINDOWS\System32\OpenSSH\;C:\Users\spivi\AppData\Local\Microsoft\WindowsApps;;C:\Users\spivi\Desktop;;."/>
    <property name="java.vm.info" value="mixed mode, sharing"/>
    <property name="stderr.encoding" value="Cp1252"/>
    <property name="java.vendor" value="Eclipse Adoptium"/>
    <property name="java.vm.version" value="23+37"/>
    <property name="sun.io.unicode.encoding" value="UnicodeLittle"/>
    <property name="java.class.version" value="67.0"/>
  </properties>
  <testcase name="testgetQuestionsWithAllParameters" classname="TriviaAPITest" time="8.223">
    <system-out><![CDATA[Category Entertainment: Video Games
Type multiple
In &quot;Fallout 4&quot;, what is the name of the dog you find at Red Rocket truck stop?
Dogmeat[Sparky, Quazar, Chop]
Category Entertainment: Video Games
Type multiple
Which character does the player play as in the video game &quot;Bastion&quot;?
The Kid[Rucks, Zulf, Zia]
Category Entertainment: Video Games
Type multiple
Which of these games was NOT a Nintendo Switch launch title in the United States? 
Voez[Just Dance 2017, Snipperclips, Fast RMX]
Category Entertainment: Video Games
Type multiple
What is the name of Joel&#039;s daughter in the game, &quot;The Last of Us&quot;? 
Sarah[Ellie, Tess, Marlene]
Category Entertainment: Video Games
Type multiple
Which of the following characters were considered for inclusion in Super Smash Bros. Melee?
Lucas[Mega Man, Meta Knight, Diddy Kong]
Category Entertainment: Video Games
Type multiple
In Portal 2, the iconic character GLaDOS is turned into:
A potato[A tomato, A lemon, An apple]
Category Entertainment: Video Games
Type multiple
Which pop singer was brought in by SEGA to produce the music for &quot;Sonic the Hedgehog 3&quot;?
Michael Jackson [Prince, George Michael, Vanilla Ice ]
Category Entertainment: Video Games
Type multiple
In the video game &quot;League of Legends&quot; which character is known as &quot;The Sinister Blade&quot;?
Katarina[Shaco, Akali, Zed]
Category Entertainment: Video Games
Type multiple
In World of Warcraft lore, who was first to have the title &quot;The Ashbringer&quot;?
Alexandros Mograine[Tirion Fordring, Arthas Menethil, Uther the Lightbringer]
Category Entertainment: Video Games
Type multiple
In Cook, Serve, Delicious!, which food is NOT included in the game?
Pie[Shish Kabob, Hamburger, Lasagna]
]]></system-out>
  </testcase>
  <testcase name="testgetQuestions" classname="TriviaAPITest" time="5.617">
    <system-out><![CDATA[Category History
Type multiple
Which of these countries was sea charted in 1500 by the Portuguese maritime explorations?
Brazil[India, Mozambique, Madagascar]
Category Entertainment: Video Games
Type multiple
In what year was the game &quot;FTL: Faster Than Light&quot; released?
2012[2014, 2013, 2011]
Category History
Type multiple
What is the mnemonic device for remembering the fates of the wives of Henry VIII?
Divorced, Beheaded, Died, Divorced, Beheaded, Survived[Beheaded, Died, Divorced, Divorced, Beheaded, Survived, Died, Beheaded, Divorced, Beheaded, Survived, Divorced, Survived, Beheaded, Died, Divorced, Divorced, Beheaded]
Category Entertainment: Music
Type multiple
What is the English title of the vaporwave track &quot;リサフランク420 / 現代のコンピュー&quot; by Macintosh Plus (Vektroid)?
Lisa Frank 420 / Modern Computing[Smoke Weed 420 / Everyday, Make Your Move 420 / My Mind, It&#039;s All In Your Head 420 / Understand]
Category Science &amp; Nature
Type multiple
Which of the following is NOT a word used to describe an earthquake?
Drop-slide[Foreshock, Strike-slip, Temblor]
Category Entertainment: Musicals &amp; Theatres
Type multiple
Which Shakespeare play inspired the musical &#039;West Side Story&#039;?
Romeo &amp; Juliet[Hamlet, Macbeth, Othello]
Category Entertainment: Japanese Anime &amp; Manga
Type multiple
In the &quot;Dragon Ball&quot; franchise, what is the name of Goku&#039;s brother?
Raditz[Gohan, Vegeta, Bardock]
Category Geography
Type multiple
How many countries does Mexico border?
3[2, 4, 1]
Category Entertainment: Cartoon &amp; Animations
Type multiple
In the Pixar film, &quot;Toy Story&quot; what was the name of the child who owned the toys?
Andy[Edward, Danny, Matt]
Category Entertainment: Video Games
Type multiple
Which horror movie had a sequel in the form of a video game released in August 20, 2002?
The Thing[The Evil Dead, Saw, Alien]
]]></system-out>
  </testcase>
</testsuite>